#
# There is insufficient memory for the Java Runtime Environment to continue.
# Native memory allocation (mmap) failed to map 268435456 bytes for G1 virtual space
# Possible reasons:
#   The system is out of physical RAM or swap space
#   The process is running with CompressedOops enabled, and the Java Heap may be blocking the growth of the native heap
# Possible solutions:
#   Reduce memory load on the system
#   Increase physical memory or swap space
#   Check if swap backing store is full
#   Decrease Java heap size (-Xmx/-Xms)
#   Decrease number of Java threads
#   Decrease Java thread stack sizes (-Xss)
#   Set larger code cache with -XX:ReservedCodeCacheSize=
#   JVM is running with Zero Based Compressed Oops mode in which the Java heap is
#     placed in the first 32GB address space. The Java Heap base address is the
#     maximum limit for the native heap growth. Please use -XX:HeapBaseMinAddress
#     to set the Java Heap base and to place the Java Heap above 32GB virtual address.
# This output file may be truncated or incomplete.
#
#  Out of Memory Error (os_windows.cpp:3469), pid=17200, tid=2488
#
# JRE version:  (17.0.1+12) (build )
# Java VM: Java HotSpot(TM) 64-Bit Server VM (17.0.1+12-LTS-39, mixed mode, sharing, tiered, compressed oops, compressed class ptrs, g1 gc, windows-amd64)
# No core dump will be written. Minidumps are not enabled by default on client versions of Windows
#

---------------  S U M M A R Y ------------

Command Line: -Dclassworlds.conf=D:\NetBeans-12.6\netbeans\java\maven\bin\..\bin\m2.conf -Dmaven.home=D:\NetBeans-12.6\netbeans\java\maven\bin\.. -Dlibrary.jansi.path=D:\NetBeans-12.6\netbeans\java\maven\bin\..\lib\jansi-native -Dmaven.multiModuleProjectDirectory=C:\Users\PICHAU\OneDrive\Documentos\NetBeansProjects\projeto-biblia org.codehaus.plexus.classworlds.launcher.Launcher -Dexec.vmArgs= -Dexec.args=${exec.vmArgs} -classpath %classpath ${exec.mainClass} ${exec.appArgs} -Dexec.executable=C:\Program Files\Java\jdk-17.0.1\bin\java.exe -Dexec.mainClass=com.mycompany.projeto.biblia.BibliaMain -Dexec.classpathScope=runtime -Dexec.appArgs= -Dmaven.ext.class.path=D:\NetBeans-12.6\netbeans\java\maven-nblib\netbeans-eventspy.jar -Dfile.encoding=UTF-8 org.codehaus.mojo:exec-maven-plugin:3.0.0:exec

Host: Intel(R) Core(TM) i5-9400F CPU @ 2.90GHz, 6 cores, 15G,  Windows 10 , 64 bit Build 19041 (10.0.19041.1503)
Time: Tue Mar  1 16:59:02 2022 Hora oficial do Brasil elapsed time: 0.009250 seconds (0d 0h 0m 0s)

---------------  T H R E A D  ---------------

Current thread (0x000001a0bf660bb0):  JavaThread "Unknown thread" [_thread_in_vm, id=2488, stack(0x00000072ec800000,0x00000072ec900000)]

Stack: [0x00000072ec800000,0x00000072ec900000]
Native frames: (J=compiled Java code, j=interpreted, Vv=VM code, C=native code)
V  [jvm.dll+0x66fa1a]
V  [jvm.dll+0x7ce5a4]
V  [jvm.dll+0x7cfd4e]
V  [jvm.dll+0x7d03b3]
V  [jvm.dll+0x242b05]
V  [jvm.dll+0x66ca39]
V  [jvm.dll+0x661502]
V  [jvm.dll+0x30081b]
V  [jvm.dll+0x307da6]
V  [jvm.dll+0x357a1e]
V  [jvm.dll+0x357c4f]
V  [jvm.dll+0x2d7ad8]
V  [jvm.dll+0x2d8a44]
V  [jvm.dll+0x7a01e1]
V  [jvm.dll+0x365791]
V  [jvm.dll+0x77f6cc]
V  [jvm.dll+0x3e812f]
V  [jvm.dll+0x3e9bd1]
C  [jli.dll+0x527b]
C  [ucrtbase.dll+0x21bb2]
C  [KERNEL32.DLL+0x17034]
C  [ntdll.dll+0x52651]


---------------  P R O C E S S  ---------------

Threads class SMR info:
_java_thread_list=0x00007ffec9e07818, length=0, elements={
}

Java Threads: ( => current thread )

Other Threads:
  0x000001a0bf6af540 GCTaskThread "GC Thread#0" [stack: 0x00000072ec900000,0x00000072eca00000] [id=12220]
  0x000001a0bf6c12b0 ConcurrentGCThread "G1 Main Marker" [stack: 0x00000072eca00000,0x00000072ecb00000] [id=13688]
  0x000001a0bf6c2370 ConcurrentGCThread "G1 Conc#0" [stack: 0x00000072ecb00000,0x00000072ecc00000] [id=11280]

[error occurred during error reporting (printing all threads), id 0xc0000005, EXCEPTION_ACCESS_VIOLATION (0xc0000005) at pc=0x00007ffec96584b7]

VM state: not at safepoint (not fully initialized)

VM Mutex/Monitor currently owned by a thread:  ([mutex/lock_event])
[0x000001a0bf65a5f0] Heap_lock - owner thread: 0x000001a0bf660bb0

Heap address: 0x0000000700e00000, size: 4082 MB, Compressed Oops mode: Zero based, Oop shift amount: 3

CDS archive(s) mapped at: [0x0000000000000000-0x0000000000000000-0x0000000000000000), size 0, SharedBaseAddress: 0x0000000800000000, ArchiveRelocationMode: 0.
Narrow klass base: 0x0000000000000000, Narrow klass shift: 0, Narrow klass range: 0x0

GC Precious Log:
<Empty>

Heap:
 garbage-first heap   total 0K, used 0K [0x0000000700e00000, 0x0000000800000000)
  region size 2048K, 0 young (0K), 0 survivors (0K)

[error occurred during error reporting (printing heap information), id 0xc0000005, EXCEPTION_ACCESS_VIOLATION (0xc0000005) at pc=0x00007ffec9a38d89]

GC Heap History (0 events):
No events

Deoptimization events (0 events):
No events

Classes unloaded (0 events):
No events

Classes redefined (0 events):
No events

Internal exceptions (0 events):
No events

VM Operations (0 events):
No events

Events (1 events):
Event: 0.006 Loaded shared library C:\Program Files\Java\jdk-17.0.1\bin\java.dll


Dynamic libraries:
0x00007ff727430000 - 0x00007ff727440000 	C:\Program Files\Java\jdk-17.0.1\bin\java.exe
0x00007fff38070000 - 0x00007fff38265000 	C:\WINDOWS\SYSTEM32\ntdll.dll
0x00007fff37330000 - 0x00007fff373ee000 	C:\WINDOWS\System32\KERNEL32.DLL
0x00007fff35c00000 - 0x00007fff35ec8000 	C:\WINDOWS\System32\KERNELBASE.dll
0x00007fff35ad0000 - 0x00007fff35bd0000 	C:\WINDOWS\System32\ucrtbase.dll
0x00007fff2c410000 - 0x00007fff2c42a000 	C:\Program Files\Java\jdk-17.0.1\bin\VCRUNTIME140.dll
0x00007fff2dcc0000 - 0x00007fff2dcd8000 	C:\Program Files\Java\jdk-17.0.1\bin\jli.dll
0x00007fff360c0000 - 0x00007fff3616e000 	C:\WINDOWS\System32\ADVAPI32.dll
0x00007fff363f0000 - 0x00007fff3648e000 	C:\WINDOWS\System32\msvcrt.dll
0x00007fff367f0000 - 0x00007fff3688c000 	C:\WINDOWS\System32\sechost.dll
0x00007fff37510000 - 0x00007fff37635000 	C:\WINDOWS\System32\RPCRT4.dll
0x00007fff36890000 - 0x00007fff36a30000 	C:\WINDOWS\System32\USER32.dll
0x00007fff35bd0000 - 0x00007fff35bf2000 	C:\WINDOWS\System32\win32u.dll
0x00007fff377a0000 - 0x00007fff377cb000 	C:\WINDOWS\System32\GDI32.dll
0x00007fff35970000 - 0x00007fff35a7d000 	C:\WINDOWS\System32\gdi32full.dll
0x00007fff35860000 - 0x00007fff358fd000 	C:\WINDOWS\System32\msvcp_win.dll
0x00007fff23ee0000 - 0x00007fff2417a000 	C:\WINDOWS\WinSxS\amd64_microsoft.windows.common-controls_6595b64144ccf1df_6.0.19041.1110_none_60b5254171f9507e\COMCTL32.dll
0x00007fff2f460000 - 0x00007fff2f46a000 	C:\WINDOWS\SYSTEM32\VERSION.dll
0x00007fff36220000 - 0x00007fff36250000 	C:\WINDOWS\System32\IMM32.DLL
0x00007fff32b80000 - 0x00007fff32b8c000 	C:\Program Files\Java\jdk-17.0.1\bin\vcruntime140_1.dll
0x00007fff0ed00000 - 0x00007fff0ed8d000 	C:\Program Files\Java\jdk-17.0.1\bin\msvcp140.dll
0x00007ffec9370000 - 0x00007ffec9f2e000 	C:\Program Files\Java\jdk-17.0.1\bin\server\jvm.dll
0x00007fff373f0000 - 0x00007fff373f8000 	C:\WINDOWS\System32\PSAPI.DLL
0x00007fff32b90000 - 0x00007fff32b99000 	C:\WINDOWS\SYSTEM32\WSOCK32.dll
0x00007fff37e00000 - 0x00007fff37e6b000 	C:\WINDOWS\System32\WS2_32.dll
0x00007fff24590000 - 0x00007fff245b7000 	C:\WINDOWS\SYSTEM32\WINMM.dll
0x00007fff34050000 - 0x00007fff34062000 	C:\WINDOWS\SYSTEM32\kernel.appcore.dll
0x00007fff2dca0000 - 0x00007fff2dcaa000 	C:\Program Files\Java\jdk-17.0.1\bin\jimage.dll
0x00007fff334f0000 - 0x00007fff336d4000 	C:\WINDOWS\SYSTEM32\DBGHELP.DLL
0x00007fff21cc0000 - 0x00007fff21cec000 	C:\WINDOWS\SYSTEM32\dbgcore.DLL
0x00007fff35ed0000 - 0x00007fff35f52000 	C:\WINDOWS\System32\bcryptPrimitives.dll
0x00007fff23e10000 - 0x00007fff23e35000 	C:\Program Files\Java\jdk-17.0.1\bin\java.dll

dbghelp: loaded successfully - version: 4.0.5 - missing functions: none
symbol engine: initialized successfully - sym options: 0x614 - pdb path: .;C:\Program Files\Java\jdk-17.0.1\bin;C:\WINDOWS\SYSTEM32;C:\WINDOWS\WinSxS\amd64_microsoft.windows.common-controls_6595b64144ccf1df_6.0.19041.1110_none_60b5254171f9507e;C:\Program Files\Java\jdk-17.0.1\bin\server

VM Arguments:
jvm_args: -Dclassworlds.conf=D:\NetBeans-12.6\netbeans\java\maven\bin\..\bin\m2.conf -Dmaven.home=D:\NetBeans-12.6\netbeans\java\maven\bin\.. -Dlibrary.jansi.path=D:\NetBeans-12.6\netbeans\java\maven\bin\..\lib\jansi-native -Dmaven.multiModuleProjectDirectory=C:\Users\PICHAU\OneDrive\Documentos\NetBeansProjects\projeto-biblia 
java_command: org.codehaus.plexus.classworlds.launcher.Launcher -Dexec.vmArgs= -Dexec.args=${exec.vmArgs} -classpath %classpath ${exec.mainClass} ${exec.appArgs} -Dexec.executable=C:\Program Files\Java\jdk-17.0.1\bin\java.exe -Dexec.mainClass=com.mycompany.projeto.biblia.BibliaMain -Dexec.classpathScope=runtime -Dexec.appArgs= -Dmaven.ext.class.path=D:\NetBeans-12.6\netbeans\java\maven-nblib\netbeans-eventspy.jar -Dfile.encoding=UTF-8 org.codehaus.mojo:exec-maven-plugin:3.0.0:exec
java_class_path (initial): D:\NetBeans-12.6\netbeans\java\maven\bin\..\boot\plexus-classworlds-2.6.0.jar
Launcher Type: SUN_STANDARD

[Global flags]
     intx CICompilerCount                          = 3                                         {product} {ergonomic}
     uint ConcGCThreads                            = 2                                         {product} {ergonomic}
     uint G1ConcRefinementThreads                  = 6                                         {product} {ergonomic}
   size_t G1HeapRegionSize                         = 2097152                                   {product} {ergonomic}
    uintx GCDrainStackTargetSize                   = 64                                        {product} {ergonomic}
   size_t InitialHeapSize                          = 268435456                                 {product} {ergonomic}
   size_t MarkStackSize                            = 4194304                                   {product} {ergonomic}
   size_t MaxHeapSize                              = 4280287232                                {product} {ergonomic}
   size_t MinHeapDeltaBytes                        = 2097152                                   {product} {ergonomic}
   size_t MinHeapSize                              = 8388608                                   {product} {ergonomic}
    uintx NonNMethodCodeHeapSize                   = 5832780                                {pd product} {ergonomic}
    uintx NonProfiledCodeHeapSize                  = 122912730                              {pd product} {ergonomic}
    uintx ProfiledCodeHeapSize                     = 122912730                              {pd product} {ergonomic}
    uintx ReservedCodeCacheSize                    = 251658240                              {pd product} {ergonomic}
     bool SegmentedCodeCache                       = true                                      {product} {ergonomic}
   size_t SoftMaxHeapSize                          = 4280287232                             {manageable} {ergonomic}
     bool UseCompressedClassPointers               = true                           {product lp64_product} {ergonomic}
     bool UseCompressedOops                        = true                           {product lp64_product} {ergonomic}
     bool UseG1GC                                  = true                                      {product} {ergonomic}
     bool UseLargePagesIndividualAllocation        = false                                  {pd product} {ergonomic}

Logging:
Log output configuration:
 #0: stdout all=warning uptime,level,tags
 #1: stderr all=off uptime,level,tags

Environment Variables:
JAVA_HOME=C:\Program Files\Java\jdk-17.0.1
PATH=C:\Program Files\Common Files\Oracle\Java\javapath;C:\Python310\Scripts\;C:\Python310\;C:\Program Files (x86)\Common Files\Oracle\Java\javapath;C:\WINDOWS\system32;C:\WINDOWS;C:\WINDOWS\System32\Wbem;C:\WINDOWS\System32\WindowsPowerShell\v1.0\;C:\WINDOWS\System32\OpenSSH\;C:\Program Files\NVIDIA Corporation\NVIDIA NvDLISR;C:\Program Files (x86)\NVIDIA Corporation\PhysX\Common;C:\WINDOWS\system32;C:\WINDOWS;C:\WINDOWS\System32\Wbem;C:\WINDOWS\System32\WindowsPowerShell\v1.0\;C:\WINDOWS\System32\OpenSSH\;C:\Program Files\Git\cmd;C:\Program Files\nodejs\;C:\ProgramData\chocolatey\bin;C:\Users\PICHAU\AppData\Local\Programs\Python\Python39\Scripts\;C:\Users\PICHAU\AppData\Local\Programs\Python\Python39\;C:\Users\PICHAU\AppData\Local\Microsoft\WindowsApps;;C:\Users\PICHAU\AppData\Local\Programs\Microsoft VS Code\bin;C:\Users\PICHAU\AppData\Roaming\npm
USERNAME=PICHAU
OS=Windows_NT
PROCESSOR_IDENTIFIER=Intel64 Family 6 Model 158 Stepping 10, GenuineIntel



---------------  S Y S T E M  ---------------

OS:
 Windows 10 , 64 bit Build 19041 (10.0.19041.1503)
OS uptime: 1 days 8:23 hours

CPU: total 6 (initial active 6) (6 cores per cpu, 1 threads per core) family 6 model 158 stepping 10 microcode 0xb4, cx8, cmov, fxsr, mmx, 3dnowpref, sse, sse2, sse3, ssse3, sse4.1, sse4.2, popcnt, lzcnt, tsc, tscinvbit, avx, avx2, aes, erms, clmul, bmi1, bmi2, adx, fma, vzeroupper, clflush, clflushopt

Memory: 4k page, system-wide physical 16321M (7206M free)
TotalPageFile size 23318M (AvailPageFile size 261M)
current process WorkingSet (physical memory assigned to process): 10M, peak: 10M
current process commit charge ("private bytes"): 56M, peak: 312M

vm_info: Java HotSpot(TM) 64-Bit Server VM (17.0.1+12-LTS-39) for windows-amd64 JRE (17.0.1+12-LTS-39), built on Sep 27 2021 18:41:35 by "mach5one" with MS VC++ 16.8 (VS2019)

END.
